	Command being timed: "./ho_deduper.py -f /projects/bgmp/tamho/bioinfo/Bi624/Deduper-tamdbho/input.sam -u /projects/bgmp/tamho/bioinfo/Bi624/Deduper-tamdbho/STL96.txt -o /projects/bgmp/tamho/bioinfo/Bi624/Deduper-tamdbho/output"
	User time (seconds): 66.19
	System time (seconds): 5.29
	Percent of CPU this job got: 98%
	Elapsed (wall clock) time (h:mm:ss or m:ss): 1:12.50
	Average shared text size (kbytes): 0
	Average unshared data size (kbytes): 0
	Average stack size (kbytes): 0
	Average total size (kbytes): 0
	Maximum resident set size (kbytes): 681124
	Average resident set size (kbytes): 0
	Major (requiring I/O) page faults: 0
	Minor (reclaiming a frame) page faults: 171382
	Voluntary context switches: 1188
	Involuntary context switches: 1040
	Swaps: 0
	File system inputs: 0
	File system outputs: 0
	Socket messages sent: 0
	Socket messages received: 0
	Signals delivered: 0
	Page size (bytes): 4096
	Exit status: 0
